<?xml version="1.0" encoding="UTF-8"?>
<!-- Generated by org.testng.reporters.JUnitReportReporter -->
<testsuite hostname="idea-PC" failures="0" tests="3" name="com.comcasr.Crm.CampaignTest.CampaignTest" time="0.023" errors="0" timestamp="2022-05-10T17:14:07 IST" skipped="0">
  <testcase classname="com.comcasr.Crm.CampaignTest.CampaignTest" name="editCampaignTest" time="0.003"/>
  <system-out/>
  <testcase classname="com.comcasr.Crm.CampaignTest.CampaignTest" name="createCampaignWithProductTest" time="0.004"/>
  <system-out/>
  <testcase classname="com.comcasr.Crm.CampaignTest.CampaignTest" name="createCampaignTest" time="0.016"/>
  <system-out/>
</testsuite> <!-- com.comcasr.Crm.CampaignTest.CampaignTest -->
